{"/Users/putumas.mertayasa.e/Developer/tools/chem-interactive/src/bridge/CrossoverAnimator.tsx": {"path":"/Users/putumas.mertayasa.e/Developer/tools/chem-interactive/src/bridge/CrossoverAnimator.tsx","statementMap":{"0":{"start":{"line":15,"column":26},"end":{"line":15,"column":null}},"1":{"start":{"line":18,"column":43},"end":{"line":18,"column":null}},"2":{"start":{"line":20,"column":2},"end":{"line":24,"column":null}},"3":{"start":{"line":21,"column":4},"end":{"line":21,"column":null}},"4":{"start":{"line":21,"column":21},"end":{"line":21,"column":35}},"5":{"start":{"line":21,"column":35},"end":{"line":21,"column":43}},"6":{"start":{"line":22,"column":14},"end":{"line":22,"column":null}},"7":{"start":{"line":22,"column":31},"end":{"line":22,"column":50}},"8":{"start":{"line":23,"column":4},"end":{"line":23,"column":null}},"9":{"start":{"line":23,"column":17},"end":{"line":23,"column":null}},"10":{"start":{"line":26,"column":18},"end":{"line":26,"column":null}},"11":{"start":{"line":27,"column":18},"end":{"line":27,"column":null}},"12":{"start":{"line":29,"column":23},"end":{"line":29,"column":null}},"13":{"start":{"line":30,"column":23},"end":{"line":30,"column":null}},"14":{"start":{"line":31,"column":23},"end":{"line":31,"column":null}},"15":{"start":{"line":32,"column":25},"end":{"line":32,"column":null}},"16":{"start":{"line":33,"column":25},"end":{"line":33,"column":null}},"17":{"start":{"line":35,"column":23},"end":{"line":35,"column":null}},"18":{"start":{"line":36,"column":23},"end":{"line":36,"column":null}},"19":{"start":{"line":38,"column":8},"end":{"line":43,"column":null}},"20":{"start":{"line":39,"column":4},"end":{"line":39,"column":null}},"21":{"start":{"line":39,"column":39},"end":{"line":39,"column":51}},"22":{"start":{"line":39,"column":51},"end":{"line":39,"column":59}},"23":{"start":{"line":40,"column":4},"end":{"line":40,"column":null}},"24":{"start":{"line":40,"column":39},"end":{"line":40,"column":51}},"25":{"start":{"line":40,"column":51},"end":{"line":40,"column":59}},"26":{"start":{"line":41,"column":4},"end":{"line":41,"column":null}},"27":{"start":{"line":41,"column":21},"end":{"line":41,"column":35}},"28":{"start":{"line":41,"column":35},"end":{"line":41,"column":43}},"29":{"start":{"line":42,"column":4},"end":{"line":42,"column":null}},"30":{"start":{"line":45,"column":47},"end":{"line":45,"column":null}},"31":{"start":{"line":46,"column":8},"end":{"line":46,"column":null}},"32":{"start":{"line":46,"column":29},"end":{"line":46,"column":null}},"33":{"start":{"line":48,"column":2},"end":{"line":113,"column":null}}},"fnMap":{"0":{"name":"CrossoverAnimator","decl":{"start":{"line":14,"column":16},"end":{"line":14,"column":34}},"loc":{"start":{"line":14,"column":72},"end":{"line":115,"column":null}}},"1":{"name":"(anonymous_1)","decl":{"start":{"line":20,"column":2},"end":{"line":20,"column":18}},"loc":{"start":{"line":20,"column":18},"end":{"line":24,"column":5}}},"2":{"name":"(anonymous_2)","decl":{"start":{"line":22,"column":14},"end":{"line":22,"column":31}},"loc":{"start":{"line":22,"column":31},"end":{"line":22,"column":50}}},"3":{"name":"(anonymous_3)","decl":{"start":{"line":23,"column":4},"end":{"line":23,"column":17}},"loc":{"start":{"line":23,"column":17},"end":{"line":23,"column":null}}},"4":{"name":"(anonymous_4)","decl":{"start":{"line":38,"column":8},"end":{"line":38,"column":19}},"loc":{"start":{"line":38,"column":36},"end":{"line":43,"column":null}}},"5":{"name":"(anonymous_5)","decl":{"start":{"line":46,"column":8},"end":{"line":46,"column":15}},"loc":{"start":{"line":46,"column":29},"end":{"line":46,"column":null}}}},"branchMap":{"0":{"loc":{"start":{"line":21,"column":4},"end":{"line":21,"column":null}},"type":"if","locations":[{"start":{"line":21,"column":4},"end":{"line":21,"column":null}},{"start":{},"end":{}}]},"1":{"loc":{"start":{"line":22,"column":50},"end":{"line":22,"column":71}},"type":"binary-expr","locations":[{"start":{"line":22,"column":50},"end":{"line":22,"column":68}},{"start":{"line":22,"column":68},"end":{"line":22,"column":71}}]},"2":{"loc":{"start":{"line":35,"column":23},"end":{"line":35,"column":null}},"type":"binary-expr","locations":[{"start":{"line":35,"column":23},"end":{"line":35,"column":45}},{"start":{"line":35,"column":45},"end":{"line":35,"column":null}}]},"3":{"loc":{"start":{"line":39,"column":4},"end":{"line":39,"column":null}},"type":"if","locations":[{"start":{"line":39,"column":4},"end":{"line":39,"column":null}},{"start":{},"end":{}}]},"4":{"loc":{"start":{"line":39,"column":8},"end":{"line":39,"column":37}},"type":"binary-expr","locations":[{"start":{"line":39,"column":8},"end":{"line":39,"column":22}},{"start":{"line":39,"column":22},"end":{"line":39,"column":37}}]},"5":{"loc":{"start":{"line":40,"column":4},"end":{"line":40,"column":null}},"type":"if","locations":[{"start":{"line":40,"column":4},"end":{"line":40,"column":null}},{"start":{},"end":{}}]},"6":{"loc":{"start":{"line":40,"column":8},"end":{"line":40,"column":37}},"type":"binary-expr","locations":[{"start":{"line":40,"column":8},"end":{"line":40,"column":22}},{"start":{"line":40,"column":22},"end":{"line":40,"column":37}}]},"7":{"loc":{"start":{"line":41,"column":4},"end":{"line":41,"column":null}},"type":"if","locations":[{"start":{"line":41,"column":4},"end":{"line":41,"column":null}},{"start":{},"end":{}}]},"8":{"loc":{"start":{"line":46,"column":29},"end":{"line":46,"column":null}},"type":"cond-expr","locations":[{"start":{"line":46,"column":39},"end":{"line":46,"column":45}},{"start":{"line":46,"column":45},"end":{"line":46,"column":null}}]},"9":{"loc":{"start":{"line":46,"column":45},"end":{"line":46,"column":null}},"type":"binary-expr","locations":[{"start":{"line":46,"column":45},"end":{"line":46,"column":64}},{"start":{"line":46,"column":64},"end":{"line":46,"column":null}}]},"10":{"loc":{"start":{"line":58,"column":7},"end":{"line":65,"column":null}},"type":"binary-expr","locations":[{"start":{"line":58,"column":7},"end":{"line":58,"column":null}},{"start":{"line":59,"column":8},"end":{"line":65,"column":null}}]},"11":{"loc":{"start":{"line":62,"column":30},"end":{"line":62,"column":49}},"type":"cond-expr","locations":[{"start":{"line":62,"column":42},"end":{"line":62,"column":46}},{"start":{"line":62,"column":46},"end":{"line":62,"column":49}}]},"12":{"loc":{"start":{"line":62,"column":52},"end":{"line":62,"column":72}},"type":"cond-expr","locations":[{"start":{"line":62,"column":64},"end":{"line":62,"column":68}},{"start":{"line":62,"column":68},"end":{"line":62,"column":72}}]},"13":{"loc":{"start":{"line":68,"column":7},"end":{"line":76,"column":null}},"type":"binary-expr","locations":[{"start":{"line":68,"column":7},"end":{"line":68,"column":null}},{"start":{"line":69,"column":8},"end":{"line":76,"column":null}}]},"14":{"loc":{"start":{"line":73,"column":30},"end":{"line":73,"column":49}},"type":"cond-expr","locations":[{"start":{"line":73,"column":42},"end":{"line":73,"column":46}},{"start":{"line":73,"column":46},"end":{"line":73,"column":49}}]},"15":{"loc":{"start":{"line":73,"column":52},"end":{"line":73,"column":72}},"type":"cond-expr","locations":[{"start":{"line":73,"column":64},"end":{"line":73,"column":68}},{"start":{"line":73,"column":68},"end":{"line":73,"column":72}}]},"16":{"loc":{"start":{"line":81,"column":7},"end":{"line":88,"column":null}},"type":"binary-expr","locations":[{"start":{"line":81,"column":7},"end":{"line":81,"column":null}},{"start":{"line":82,"column":8},"end":{"line":88,"column":null}}]},"17":{"loc":{"start":{"line":85,"column":30},"end":{"line":85,"column":49}},"type":"cond-expr","locations":[{"start":{"line":85,"column":42},"end":{"line":85,"column":46}},{"start":{"line":85,"column":46},"end":{"line":85,"column":49}}]},"18":{"loc":{"start":{"line":85,"column":52},"end":{"line":85,"column":72}},"type":"cond-expr","locations":[{"start":{"line":85,"column":64},"end":{"line":85,"column":68}},{"start":{"line":85,"column":68},"end":{"line":85,"column":72}}]},"19":{"loc":{"start":{"line":91,"column":7},"end":{"line":98,"column":null}},"type":"binary-expr","locations":[{"start":{"line":91,"column":7},"end":{"line":91,"column":null}},{"start":{"line":92,"column":8},"end":{"line":98,"column":null}}]},"20":{"loc":{"start":{"line":95,"column":30},"end":{"line":95,"column":49}},"type":"cond-expr","locations":[{"start":{"line":95,"column":42},"end":{"line":95,"column":46}},{"start":{"line":95,"column":46},"end":{"line":95,"column":49}}]},"21":{"loc":{"start":{"line":95,"column":52},"end":{"line":95,"column":72}},"type":"cond-expr","locations":[{"start":{"line":95,"column":64},"end":{"line":95,"column":68}},{"start":{"line":95,"column":68},"end":{"line":95,"column":72}}]},"22":{"loc":{"start":{"line":102,"column":9},"end":{"line":112,"column":null}},"type":"binary-expr","locations":[{"start":{"line":102,"column":9},"end":{"line":102,"column":20}},{"start":{"line":102,"column":20},"end":{"line":102,"column":null}},{"start":{"line":103,"column":10},"end":{"line":112,"column":null}}]}},"s":{"0":17,"1":17,"2":17,"3":17,"4":1,"5":1,"6":16,"7":12,"8":16,"9":16,"10":17,"11":17,"12":17,"13":17,"14":17,"15":17,"16":17,"17":17,"18":17,"19":17,"20":12,"21":3,"22":3,"23":9,"24":1,"25":1,"26":8,"27":3,"28":3,"29":5,"30":17,"31":17,"32":15,"33":17},"f":{"0":17,"1":17,"2":12,"3":16,"4":12,"5":15},"b":{"0":[1,16],"1":[16,0],"2":[17,6],"3":[3,9],"4":[12,4],"5":[1,8],"6":[9,1],"7":[3,5],"8":[0,15],"9":[15,0],"10":[17,3],"11":[2,1],"12":[2,1],"13":[17,5],"14":[2,3],"15":[2,3],"16":[17,5],"17":[2,3],"18":[2,3],"19":[17,12],"20":[7,5],"21":[7,5],"22":[17,4,1]}}
,"/Users/putumas.mertayasa.e/Developer/tools/chem-interactive/src/bridge/ExplanationModal.tsx": {"path":"/Users/putumas.mertayasa.e/Developer/tools/chem-interactive/src/bridge/ExplanationModal.tsx","statementMap":{"0":{"start":{"line":7,"column":45},"end":{"line":7,"column":null}},"1":{"start":{"line":10,"column":14},"end":{"line":10,"column":null}},"2":{"start":{"line":11,"column":15},"end":{"line":11,"column":null}},"3":{"start":{"line":12,"column":2},"end":{"line":12,"column":null}},"4":{"start":{"line":16,"column":2},"end":{"line":19,"column":null}},"5":{"start":{"line":17,"column":14},"end":{"line":17,"column":null}},"6":{"start":{"line":18,"column":4},"end":{"line":18,"column":null}},"7":{"start":{"line":20,"column":2},"end":{"line":24,"column":null}},"8":{"start":{"line":21,"column":14},"end":{"line":21,"column":null}},"9":{"start":{"line":22,"column":15},"end":{"line":22,"column":null}},"10":{"start":{"line":23,"column":4},"end":{"line":23,"column":null}},"11":{"start":{"line":25,"column":12},"end":{"line":25,"column":null}},"12":{"start":{"line":26,"column":13},"end":{"line":26,"column":null}},"13":{"start":{"line":27,"column":2},"end":{"line":27,"column":null}},"14":{"start":{"line":31,"column":13},"end":{"line":31,"column":null}},"15":{"start":{"line":32,"column":13},"end":{"line":32,"column":null}},"16":{"start":{"line":33,"column":14},"end":{"line":33,"column":null}},"17":{"start":{"line":34,"column":14},"end":{"line":34,"column":null}},"18":{"start":{"line":35,"column":14},"end":{"line":35,"column":null}},"19":{"start":{"line":36,"column":16},"end":{"line":36,"column":null}},"20":{"start":{"line":37,"column":16},"end":{"line":39,"column":null}},"21":{"start":{"line":40,"column":2},"end":{"line":40,"column":null}},"22":{"start":{"line":44,"column":2},"end":{"line":44,"column":null}},"23":{"start":{"line":49,"column":2},"end":{"line":53,"column":null}},"24":{"start":{"line":50,"column":4},"end":{"line":52,"column":null}},"25":{"start":{"line":55,"column":18},"end":{"line":55,"column":null}},"26":{"start":{"line":56,"column":2},"end":{"line":56,"column":null}},"27":{"start":{"line":60,"column":23},"end":{"line":60,"column":null}},"28":{"start":{"line":61,"column":2},"end":{"line":70,"column":null}},"29":{"start":{"line":62,"column":4},"end":{"line":68,"column":null}},"30":{"start":{"line":66,"column":30},"end":{"line":66,"column":null}},"31":{"start":{"line":71,"column":2},"end":{"line":77,"column":null}},"32":{"start":{"line":72,"column":4},"end":{"line":75,"column":null}},"33":{"start":{"line":78,"column":2},"end":{"line":81,"column":null}},"34":{"start":{"line":86,"column":2},"end":{"line":95,"column":null}},"35":{"start":{"line":87,"column":30},"end":{"line":87,"column":null}},"36":{"start":{"line":88,"column":4},"end":{"line":88,"column":null}},"37":{"start":{"line":88,"column":67},"end":{"line":88,"column":null}},"38":{"start":{"line":89,"column":4},"end":{"line":93,"column":null}},"39":{"start":{"line":96,"column":2},"end":{"line":104,"column":null}},"40":{"start":{"line":97,"column":15},"end":{"line":97,"column":null}},"41":{"start":{"line":98,"column":15},"end":{"line":98,"column":null}},"42":{"start":{"line":99,"column":4},"end":{"line":102,"column":null}},"43":{"start":{"line":105,"column":22},"end":{"line":105,"column":null}},"44":{"start":{"line":106,"column":2},"end":{"line":113,"column":null}},"45":{"start":{"line":117,"column":46},"end":{"line":119,"column":null}},"46":{"start":{"line":122,"column":30},"end":{"line":122,"column":null}},"47":{"start":{"line":123,"column":53},"end":{"line":123,"column":null}},"48":{"start":{"line":125,"column":2},"end":{"line":125,"column":null}},"49":{"start":{"line":125,"column":72},"end":{"line":125,"column":null}},"50":{"start":{"line":127,"column":26},"end":{"line":127,"column":null}},"51":{"start":{"line":128,"column":23},"end":{"line":128,"column":null}},"52":{"start":{"line":130,"column":2},"end":{"line":169,"column":null}},"53":{"start":{"line":157,"column":25},"end":{"line":157,"column":null}}},"fnMap":{"0":{"name":"formatIon","decl":{"start":{"line":9,"column":9},"end":{"line":9,"column":19}},"loc":{"start":{"line":9,"column":59},"end":{"line":13,"column":null}}},"1":{"name":"chargeExplanation","decl":{"start":{"line":15,"column":9},"end":{"line":15,"column":27}},"loc":{"start":{"line":15,"column":52},"end":{"line":28,"column":null}}},"2":{"name":"formulaPreview","decl":{"start":{"line":30,"column":9},"end":{"line":30,"column":24}},"loc":{"start":{"line":30,"column":69},"end":{"line":41,"column":null}}},"3":{"name":"electronsNeeded","decl":{"start":{"line":43,"column":9},"end":{"line":43,"column":25}},"loc":{"start":{"line":43,"column":59},"end":{"line":45,"column":null}}},"4":{"name":"ionicCation","decl":{"start":{"line":47,"column":9},"end":{"line":47,"column":21}},"loc":{"start":{"line":47,"column":98},"end":{"line":57,"column":null}}},"5":{"name":"SlotPanel","decl":{"start":{"line":59,"column":9},"end":{"line":59,"column":19}},"loc":{"start":{"line":59,"column":68},"end":{"line":83,"column":null}}},"6":{"name":"(anonymous_6)","decl":{"start":{"line":66,"column":10},"end":{"line":66,"column":19}},"loc":{"start":{"line":66,"column":30},"end":{"line":66,"column":null}}},"7":{"name":"BondingSummary","decl":{"start":{"line":85,"column":9},"end":{"line":85,"column":24}},"loc":{"start":{"line":85,"column":121},"end":{"line":115,"column":null}}},"8":{"name":"ExplanationModal","decl":{"start":{"line":121,"column":16},"end":{"line":121,"column":35}},"loc":{"start":{"line":121,"column":35},"end":{"line":171,"column":null}}},"9":{"name":"(anonymous_9)","decl":{"start":{"line":157,"column":10},"end":{"line":157,"column":25}},"loc":{"start":{"line":157,"column":25},"end":{"line":157,"column":null}}}},"branchMap":{"0":{"loc":{"start":{"line":11,"column":15},"end":{"line":11,"column":null}},"type":"cond-expr","locations":[{"start":{"line":11,"column":28},"end":{"line":11,"column":34}},{"start":{"line":11,"column":34},"end":{"line":11,"column":null}}]},"1":{"loc":{"start":{"line":12,"column":21},"end":{"line":12,"column":null}},"type":"cond-expr","locations":[{"start":{"line":12,"column":33},"end":{"line":12,"column":40}},{"start":{"line":12,"column":40},"end":{"line":12,"column":null}}]},"2":{"loc":{"start":{"line":12,"column":43},"end":{"line":12,"column":70}},"type":"binary-expr","locations":[{"start":{"line":12,"column":43},"end":{"line":12,"column":64}},{"start":{"line":12,"column":64},"end":{"line":12,"column":70}}]},"3":{"loc":{"start":{"line":16,"column":2},"end":{"line":19,"column":null}},"type":"if","locations":[{"start":{"line":16,"column":2},"end":{"line":19,"column":null}},{"start":{},"end":{}}]},"4":{"loc":{"start":{"line":18,"column":72},"end":{"line":18,"column":91}},"type":"cond-expr","locations":[{"start":{"line":18,"column":80},"end":{"line":18,"column":86}},{"start":{"line":18,"column":86},"end":{"line":18,"column":91}}]},"5":{"loc":{"start":{"line":20,"column":2},"end":{"line":24,"column":null}},"type":"if","locations":[{"start":{"line":20,"column":2},"end":{"line":24,"column":null}},{"start":{},"end":{}}]},"6":{"loc":{"start":{"line":20,"column":6},"end":{"line":20,"column":74}},"type":"binary-expr","locations":[{"start":{"line":20,"column":6},"end":{"line":20,"column":39}},{"start":{"line":20,"column":39},"end":{"line":20,"column":74}}]},"7":{"loc":{"start":{"line":23,"column":55},"end":{"line":23,"column":75}},"type":"cond-expr","locations":[{"start":{"line":23,"column":66},"end":{"line":23,"column":72}},{"start":{"line":23,"column":72},"end":{"line":23,"column":75}}]},"8":{"loc":{"start":{"line":27,"column":53},"end":{"line":27,"column":73}},"type":"cond-expr","locations":[{"start":{"line":27,"column":64},"end":{"line":27,"column":70}},{"start":{"line":27,"column":70},"end":{"line":27,"column":73}}]},"9":{"loc":{"start":{"line":36,"column":16},"end":{"line":36,"column":null}},"type":"cond-expr","locations":[{"start":{"line":36,"column":27},"end":{"line":36,"column":43}},{"start":{"line":36,"column":43},"end":{"line":36,"column":null}}]},"10":{"loc":{"start":{"line":36,"column":62},"end":{"line":36,"column":null}},"type":"binary-expr","locations":[{"start":{"line":36,"column":62},"end":{"line":36,"column":82}},{"start":{"line":36,"column":82},"end":{"line":36,"column":null}}]},"11":{"loc":{"start":{"line":37,"column":16},"end":{"line":39,"column":null}},"type":"cond-expr","locations":[{"start":{"line":38,"column":6},"end":{"line":38,"column":null}},{"start":{"line":39,"column":6},"end":{"line":39,"column":null}}]},"12":{"loc":{"start":{"line":37,"column":16},"end":{"line":37,"column":null}},"type":"binary-expr","locations":[{"start":{"line":37,"column":16},"end":{"line":37,"column":38}},{"start":{"line":37,"column":38},"end":{"line":37,"column":null}}]},"13":{"loc":{"start":{"line":38,"column":26},"end":{"line":38,"column":null}},"type":"binary-expr","locations":[{"start":{"line":38,"column":26},"end":{"line":38,"column":46}},{"start":{"line":38,"column":46},"end":{"line":38,"column":null}}]},"14":{"loc":{"start":{"line":39,"column":6},"end":{"line":39,"column":null}},"type":"cond-expr","locations":[{"start":{"line":39,"column":17},"end":{"line":39,"column":32}},{"start":{"line":39,"column":32},"end":{"line":39,"column":null}}]},"15":{"loc":{"start":{"line":39,"column":50},"end":{"line":39,"column":null}},"type":"binary-expr","locations":[{"start":{"line":39,"column":50},"end":{"line":39,"column":70}},{"start":{"line":39,"column":70},"end":{"line":39,"column":null}}]},"16":{"loc":{"start":{"line":44,"column":9},"end":{"line":44,"column":null}},"type":"cond-expr","locations":[{"start":{"line":44,"column":34},"end":{"line":44,"column":38}},{"start":{"line":44,"column":38},"end":{"line":44,"column":null}}]},"17":{"loc":{"start":{"line":49,"column":2},"end":{"line":53,"column":null}},"type":"if","locations":[{"start":{"line":49,"column":2},"end":{"line":53,"column":null}},{"start":{},"end":{}}]},"18":{"loc":{"start":{"line":49,"column":6},"end":{"line":49,"column":68}},"type":"binary-expr","locations":[{"start":{"line":49,"column":6},"end":{"line":49,"column":38}},{"start":{"line":49,"column":38},"end":{"line":49,"column":68}}]},"19":{"loc":{"start":{"line":50,"column":11},"end":{"line":52,"column":null}},"type":"cond-expr","locations":[{"start":{"line":51,"column":8},"end":{"line":51,"column":null}},{"start":{"line":52,"column":8},"end":{"line":52,"column":null}}]},"20":{"loc":{"start":{"line":55,"column":18},"end":{"line":55,"column":null}},"type":"binary-expr","locations":[{"start":{"line":55,"column":18},"end":{"line":55,"column":52}},{"start":{"line":55,"column":52},"end":{"line":55,"column":null}}]},"21":{"loc":{"start":{"line":56,"column":9},"end":{"line":56,"column":null}},"type":"cond-expr","locations":[{"start":{"line":56,"column":19},"end":{"line":56,"column":53}},{"start":{"line":56,"column":53},"end":{"line":56,"column":null}}]},"22":{"loc":{"start":{"line":61,"column":2},"end":{"line":70,"column":null}},"type":"if","locations":[{"start":{"line":61,"column":2},"end":{"line":70,"column":null}},{"start":{},"end":{}}]},"23":{"loc":{"start":{"line":71,"column":2},"end":{"line":77,"column":null}},"type":"if","locations":[{"start":{"line":71,"column":2},"end":{"line":77,"column":null}},{"start":{},"end":{}}]},"24":{"loc":{"start":{"line":86,"column":2},"end":{"line":95,"column":null}},"type":"if","locations":[{"start":{"line":86,"column":2},"end":{"line":95,"column":null}},{"start":{},"end":{}}]},"25":{"loc":{"start":{"line":88,"column":4},"end":{"line":88,"column":null}},"type":"if","locations":[{"start":{"line":88,"column":4},"end":{"line":88,"column":null}},{"start":{},"end":{}}]},"26":{"loc":{"start":{"line":88,"column":8},"end":{"line":88,"column":67}},"type":"binary-expr","locations":[{"start":{"line":88,"column":8},"end":{"line":88,"column":39}},{"start":{"line":88,"column":39},"end":{"line":88,"column":67}}]},"27":{"loc":{"start":{"line":96,"column":2},"end":{"line":104,"column":null}},"type":"if","locations":[{"start":{"line":96,"column":2},"end":{"line":104,"column":null}},{"start":{},"end":{}}]},"28":{"loc":{"start":{"line":101,"column":48},"end":{"line":101,"column":68}},"type":"cond-expr","locations":[{"start":{"line":101,"column":59},"end":{"line":101,"column":65}},{"start":{"line":101,"column":65},"end":{"line":101,"column":68}}]},"29":{"loc":{"start":{"line":101,"column":108},"end":{"line":101,"column":128}},"type":"cond-expr","locations":[{"start":{"line":101,"column":119},"end":{"line":101,"column":125}},{"start":{"line":101,"column":125},"end":{"line":101,"column":128}}]},"30":{"loc":{"start":{"line":108,"column":7},"end":{"line":110,"column":null}},"type":"cond-expr","locations":[{"start":{"line":109,"column":10},"end":{"line":110,"column":12}},{"start":{"line":110,"column":10},"end":{"line":110,"column":null}}]},"31":{"loc":{"start":{"line":109,"column":171},"end":{"line":109,"column":211}},"type":"cond-expr","locations":[{"start":{"line":109,"column":202},"end":{"line":109,"column":208}},{"start":{"line":109,"column":208},"end":{"line":109,"column":211}}]},"32":{"loc":{"start":{"line":110,"column":163},"end":{"line":110,"column":203}},"type":"cond-expr","locations":[{"start":{"line":110,"column":194},"end":{"line":110,"column":200}},{"start":{"line":110,"column":200},"end":{"line":110,"column":203}}]},"33":{"loc":{"start":{"line":110,"column":359},"end":{"line":110,"column":399}},"type":"cond-expr","locations":[{"start":{"line":110,"column":390},"end":{"line":110,"column":396}},{"start":{"line":110,"column":396},"end":{"line":110,"column":399}}]},"34":{"loc":{"start":{"line":125,"column":2},"end":{"line":125,"column":null}},"type":"if","locations":[{"start":{"line":125,"column":2},"end":{"line":125,"column":null}},{"start":{},"end":{}}]},"35":{"loc":{"start":{"line":125,"column":6},"end":{"line":125,"column":72}},"type":"binary-expr","locations":[{"start":{"line":125,"column":6},"end":{"line":125,"column":38}},{"start":{"line":125,"column":38},"end":{"line":125,"column":48}},{"start":{"line":125,"column":48},"end":{"line":125,"column":58}},{"start":{"line":125,"column":58},"end":{"line":125,"column":72}}]},"36":{"loc":{"start":{"line":127,"column":26},"end":{"line":127,"column":null}},"type":"binary-expr","locations":[{"start":{"line":127,"column":26},"end":{"line":127,"column":57}},{"start":{"line":127,"column":57},"end":{"line":127,"column":null}}]},"37":{"loc":{"start":{"line":128,"column":23},"end":{"line":128,"column":null}},"type":"binary-expr","locations":[{"start":{"line":128,"column":23},"end":{"line":128,"column":50}},{"start":{"line":128,"column":50},"end":{"line":128,"column":null}}]},"38":{"loc":{"start":{"line":145,"column":9},"end":{"line":149,"column":null}},"type":"binary-expr","locations":[{"start":{"line":145,"column":9},"end":{"line":145,"column":null}},{"start":{"line":146,"column":10},"end":{"line":149,"column":null}}]},"39":{"loc":{"start":{"line":161,"column":12},"end":{"line":163,"column":null}},"type":"cond-expr","locations":[{"start":{"line":162,"column":16},"end":{"line":162,"column":null}},{"start":{"line":163,"column":16},"end":{"line":163,"column":null}}]}},"s":{"0":1,"1":16,"2":16,"3":16,"4":18,"5":2,"6":2,"7":16,"8":6,"9":6,"10":6,"11":10,"12":10,"13":10,"14":7,"15":7,"16":7,"17":7,"18":7,"19":7,"20":7,"21":7,"22":4,"23":12,"24":7,"25":5,"26":5,"27":24,"28":24,"29":4,"30":1,"31":20,"32":2,"33":18,"34":18,"35":12,"36":12,"37":5,"38":7,"39":6,"40":2,"41":2,"42":2,"43":4,"44":4,"45":1,"46":19,"47":19,"48":19,"49":1,"50":18,"51":18,"52":18,"53":1},"f":{"0":16,"1":18,"2":7,"3":4,"4":12,"5":24,"6":1,"7":18,"8":19,"9":1},"b":{"0":[6,10],"1":[9,7],"2":[7,0],"3":[2,16],"4":[1,1],"5":[6,10],"6":[16,10],"7":[6,0],"8":[10,0],"9":[6,1],"10":[1,0],"11":[1,6],"12":[7,1],"13":[1,0],"14":[1,5],"15":[5,0],"16":[1,3],"17":[7,5],"18":[12,7],"19":[6,1],"20":[5,1],"21":[4,1],"22":[4,20],"23":[2,18],"24":[12,6],"25":[5,7],"26":[12,7],"27":[2,4],"28":[1,1],"29":[1,1],"30":[2,2],"31":[1,1],"32":[1,1],"33":[1,1],"34":[1,18],"35":[19,18,18,18],"36":[18,15],"37":[18,12],"38":[18,12],"39":[14,4]}}
,"/Users/putumas.mertayasa.e/Developer/tools/chem-interactive/src/canvas/constants.ts": {"path":"/Users/putumas.mertayasa.e/Developer/tools/chem-interactive/src/canvas/constants.ts","statementMap":{"0":{"start":{"line":10,"column":48},"end":{"line":17,"column":null}},"1":{"start":{"line":19,"column":42},"end":{"line":24,"column":null}}},"fnMap":{},"branchMap":{},"s":{"0":2,"1":2},"f":{},"b":{}}
,"/Users/putumas.mertayasa.e/Developer/tools/chem-interactive/src/canvas/reducer.ts": {"path":"/Users/putumas.mertayasa.e/Developer/tools/chem-interactive/src/canvas/reducer.ts","statementMap":{"0":{"start":{"line":5,"column":2},"end":{"line":5,"column":null}},"1":{"start":{"line":9,"column":2},"end":{"line":9,"column":null}},"2":{"start":{"line":13,"column":2},"end":{"line":13,"column":null}},"3":{"start":{"line":17,"column":2},"end":{"line":17,"column":null}},"4":{"start":{"line":17,"column":38},"end":{"line":17,"column":null}},"5":{"start":{"line":18,"column":2},"end":{"line":18,"column":null}},"6":{"start":{"line":18,"column":90},"end":{"line":18,"column":null}},"7":{"start":{"line":19,"column":2},"end":{"line":19,"column":null}},"8":{"start":{"line":23,"column":2},"end":{"line":23,"column":null}},"9":{"start":{"line":23,"column":25},"end":{"line":23,"column":null}},"10":{"start":{"line":24,"column":2},"end":{"line":24,"column":null}},"11":{"start":{"line":24,"column":36},"end":{"line":24,"column":null}},"12":{"start":{"line":25,"column":2},"end":{"line":25,"column":null}},"13":{"start":{"line":29,"column":2},"end":{"line":101,"column":null}},"14":{"start":{"line":32,"column":33},"end":{"line":32,"column":null}},"15":{"start":{"line":35,"column":6},"end":{"line":39,"column":null}},"16":{"start":{"line":36,"column":24},"end":{"line":36,"column":null}},"17":{"start":{"line":37,"column":24},"end":{"line":37,"column":null}},"18":{"start":{"line":38,"column":8},"end":{"line":38,"column":null}},"19":{"start":{"line":41,"column":19},"end":{"line":41,"column":null}},"20":{"start":{"line":42,"column":20},"end":{"line":42,"column":null}},"21":{"start":{"line":44,"column":6},"end":{"line":46,"column":null}},"22":{"start":{"line":45,"column":8},"end":{"line":45,"column":null}},"23":{"start":{"line":49,"column":27},"end":{"line":51,"column":null}},"24":{"start":{"line":53,"column":6},"end":{"line":55,"column":null}},"25":{"start":{"line":54,"column":8},"end":{"line":54,"column":null}},"26":{"start":{"line":58,"column":27},"end":{"line":58,"column":null}},"27":{"start":{"line":59,"column":27},"end":{"line":59,"column":null}},"28":{"start":{"line":60,"column":20},"end":{"line":60,"column":null}},"29":{"start":{"line":61,"column":20},"end":{"line":61,"column":null}},"30":{"start":{"line":62,"column":6},"end":{"line":62,"column":null}},"31":{"start":{"line":66,"column":19},"end":{"line":66,"column":null}},"32":{"start":{"line":67,"column":6},"end":{"line":67,"column":null}},"33":{"start":{"line":67,"column":17},"end":{"line":67,"column":null}},"34":{"start":{"line":68,"column":33},"end":{"line":68,"column":null}},"35":{"start":{"line":69,"column":6},"end":{"line":69,"column":null}},"36":{"start":{"line":73,"column":6},"end":{"line":76,"column":null}},"37":{"start":{"line":76,"column":8},"end":{"line":76,"column":null}},"38":{"start":{"line":77,"column":6},"end":{"line":77,"column":null}},"39":{"start":{"line":77,"column":44},"end":{"line":77,"column":null}},"40":{"start":{"line":78,"column":6},"end":{"line":78,"column":null}},"41":{"start":{"line":78,"column":44},"end":{"line":78,"column":null}},"42":{"start":{"line":79,"column":6},"end":{"line":79,"column":null}},"43":{"start":{"line":79,"column":44},"end":{"line":79,"column":null}},"44":{"start":{"line":80,"column":6},"end":{"line":80,"column":null}},"45":{"start":{"line":84,"column":20},"end":{"line":84,"column":null}},"46":{"start":{"line":85,"column":25},"end":{"line":87,"column":null}},"47":{"start":{"line":88,"column":22},"end":{"line":88,"column":null}},"48":{"start":{"line":89,"column":22},"end":{"line":89,"column":null}},"49":{"start":{"line":90,"column":6},"end":{"line":90,"column":null}},"50":{"start":{"line":94,"column":6},"end":{"line":94,"column":null}},"51":{"start":{"line":97,"column":6},"end":{"line":97,"column":null}},"52":{"start":{"line":100,"column":6},"end":{"line":100,"column":null}}},"fnMap":{"0":{"name":"getSlot","decl":{"start":{"line":4,"column":9},"end":{"line":4,"column":17}},"loc":{"start":{"line":4,"column":67},"end":{"line":6,"column":null}}},"1":{"name":"setSlot","decl":{"start":{"line":8,"column":9},"end":{"line":8,"column":17}},"loc":{"start":{"line":8,"column":86},"end":{"line":10,"column":null}}},"2":{"name":"otherSlot","decl":{"start":{"line":12,"column":9},"end":{"line":12,"column":19}},"loc":{"start":{"line":12,"column":37},"end":{"line":14,"column":null}}},"3":{"name":"determineBonding","decl":{"start":{"line":16,"column":9},"end":{"line":16,"column":26}},"loc":{"start":{"line":16,"column":73},"end":{"line":20,"column":null}}},"4":{"name":"autoIonize","decl":{"start":{"line":22,"column":9},"end":{"line":22,"column":20}},"loc":{"start":{"line":22,"column":48},"end":{"line":26,"column":null}}},"5":{"name":"canvasReducer","decl":{"start":{"line":28,"column":16},"end":{"line":28,"column":30}},"loc":{"start":{"line":28,"column":85},"end":{"line":102,"column":null}}}},"branchMap":{"0":{"loc":{"start":{"line":5,"column":9},"end":{"line":5,"column":null}},"type":"cond-expr","locations":[{"start":{"line":5,"column":24},"end":{"line":5,"column":38}},{"start":{"line":5,"column":38},"end":{"line":5,"column":null}}]},"1":{"loc":{"start":{"line":9,"column":9},"end":{"line":9,"column":null}},"type":"cond-expr","locations":[{"start":{"line":9,"column":24},"end":{"line":9,"column":52}},{"start":{"line":9,"column":52},"end":{"line":9,"column":null}}]},"2":{"loc":{"start":{"line":13,"column":9},"end":{"line":13,"column":null}},"type":"cond-expr","locations":[{"start":{"line":13,"column":24},"end":{"line":13,"column":30}},{"start":{"line":13,"column":30},"end":{"line":13,"column":null}}]},"3":{"loc":{"start":{"line":17,"column":2},"end":{"line":17,"column":null}},"type":"if","locations":[{"start":{"line":17,"column":2},"end":{"line":17,"column":null}},{"start":{},"end":{}}]},"4":{"loc":{"start":{"line":17,"column":6},"end":{"line":17,"column":38}},"type":"binary-expr","locations":[{"start":{"line":17,"column":6},"end":{"line":17,"column":23}},{"start":{"line":17,"column":23},"end":{"line":17,"column":38}}]},"5":{"loc":{"start":{"line":18,"column":2},"end":{"line":18,"column":null}},"type":"if","locations":[{"start":{"line":18,"column":2},"end":{"line":18,"column":null}},{"start":{},"end":{}}]},"6":{"loc":{"start":{"line":18,"column":2},"end":{"line":18,"column":90}},"type":"binary-expr","locations":[{"start":{"line":18,"column":7},"end":{"line":18,"column":28}},{"start":{"line":18,"column":28},"end":{"line":18,"column":50}},{"start":{"line":18,"column":50},"end":{"line":18,"column":71}},{"start":{"line":18,"column":71},"end":{"line":18,"column":90}}]},"7":{"loc":{"start":{"line":23,"column":2},"end":{"line":23,"column":null}},"type":"if","locations":[{"start":{"line":23,"column":2},"end":{"line":23,"column":null}},{"start":{},"end":{}}]},"8":{"loc":{"start":{"line":24,"column":2},"end":{"line":24,"column":null}},"type":"if","locations":[{"start":{"line":24,"column":2},"end":{"line":24,"column":null}},{"start":{},"end":{}}]},"9":{"loc":{"start":{"line":29,"column":2},"end":{"line":101,"column":null}},"type":"switch","locations":[{"start":{"line":31,"column":4},"end":{"line":63,"column":null}},{"start":{"line":65,"column":4},"end":{"line":70,"column":null}},{"start":{"line":72,"column":4},"end":{"line":81,"column":null}},{"start":{"line":83,"column":4},"end":{"line":91,"column":null}},{"start":{"line":93,"column":4},"end":{"line":94,"column":null}},{"start":{"line":96,"column":4},"end":{"line":97,"column":null}},{"start":{"line":99,"column":4},"end":{"line":100,"column":null}}]},"10":{"loc":{"start":{"line":35,"column":6},"end":{"line":39,"column":null}},"type":"if","locations":[{"start":{"line":35,"column":6},"end":{"line":39,"column":null}},{"start":{},"end":{}}]},"11":{"loc":{"start":{"line":35,"column":10},"end":{"line":35,"column":56}},"type":"binary-expr","locations":[{"start":{"line":35,"column":10},"end":{"line":35,"column":34}},{"start":{"line":35,"column":34},"end":{"line":35,"column":56}}]},"12":{"loc":{"start":{"line":44,"column":6},"end":{"line":46,"column":null}},"type":"if","locations":[{"start":{"line":44,"column":6},"end":{"line":46,"column":null}},{"start":{},"end":{}}]},"13":{"loc":{"start":{"line":49,"column":27},"end":{"line":51,"column":null}},"type":"cond-expr","locations":[{"start":{"line":50,"column":10},"end":{"line":50,"column":null}},{"start":{"line":51,"column":10},"end":{"line":51,"column":null}}]},"14":{"loc":{"start":{"line":49,"column":27},"end":{"line":49,"column":null}},"type":"binary-expr","locations":[{"start":{"line":49,"column":27},"end":{"line":49,"column":51}},{"start":{"line":49,"column":51},"end":{"line":49,"column":null}}]},"15":{"loc":{"start":{"line":53,"column":6},"end":{"line":55,"column":null}},"type":"if","locations":[{"start":{"line":53,"column":6},"end":{"line":55,"column":null}},{"start":{},"end":{}}]},"16":{"loc":{"start":{"line":53,"column":10},"end":{"line":53,"column":68}},"type":"binary-expr","locations":[{"start":{"line":53,"column":10},"end":{"line":53,"column":40}},{"start":{"line":53,"column":40},"end":{"line":53,"column":68}}]},"17":{"loc":{"start":{"line":60,"column":20},"end":{"line":60,"column":null}},"type":"cond-expr","locations":[{"start":{"line":60,"column":42},"end":{"line":60,"column":55}},{"start":{"line":60,"column":55},"end":{"line":60,"column":null}}]},"18":{"loc":{"start":{"line":61,"column":20},"end":{"line":61,"column":null}},"type":"cond-expr","locations":[{"start":{"line":61,"column":42},"end":{"line":61,"column":55}},{"start":{"line":61,"column":55},"end":{"line":61,"column":null}}]},"19":{"loc":{"start":{"line":67,"column":6},"end":{"line":67,"column":null}},"type":"if","locations":[{"start":{"line":67,"column":6},"end":{"line":67,"column":null}},{"start":{},"end":{}}]},"20":{"loc":{"start":{"line":73,"column":6},"end":{"line":76,"column":null}},"type":"if","locations":[{"start":{"line":73,"column":6},"end":{"line":76,"column":null}},{"start":{},"end":{}}]},"21":{"loc":{"start":{"line":74,"column":8},"end":{"line":75,"column":null}},"type":"binary-expr","locations":[{"start":{"line":74,"column":8},"end":{"line":74,"column":null}},{"start":{"line":75,"column":9},"end":{"line":75,"column":47}},{"start":{"line":75,"column":47},"end":{"line":75,"column":null}}]},"22":{"loc":{"start":{"line":77,"column":6},"end":{"line":77,"column":null}},"type":"if","locations":[{"start":{"line":77,"column":6},"end":{"line":77,"column":null}},{"start":{},"end":{}}]},"23":{"loc":{"start":{"line":78,"column":6},"end":{"line":78,"column":null}},"type":"if","locations":[{"start":{"line":78,"column":6},"end":{"line":78,"column":null}},{"start":{},"end":{}}]},"24":{"loc":{"start":{"line":79,"column":6},"end":{"line":79,"column":null}},"type":"if","locations":[{"start":{"line":79,"column":6},"end":{"line":79,"column":null}},{"start":{},"end":{}}]},"25":{"loc":{"start":{"line":85,"column":25},"end":{"line":87,"column":null}},"type":"cond-expr","locations":[{"start":{"line":86,"column":10},"end":{"line":86,"column":null}},{"start":{"line":87,"column":10},"end":{"line":87,"column":null}}]},"26":{"loc":{"start":{"line":90,"column":38},"end":{"line":90,"column":82}},"type":"cond-expr","locations":[{"start":{"line":90,"column":51},"end":{"line":90,"column":69}},{"start":{"line":90,"column":69},"end":{"line":90,"column":82}}]}},"s":{"0":23,"1":29,"2":25,"3":9,"4":1,"5":8,"6":1,"7":7,"8":16,"9":2,"10":14,"11":1,"12":13,"13":33,"14":19,"15":19,"16":2,"17":2,"18":2,"19":17,"20":17,"21":17,"22":7,"23":10,"24":10,"25":2,"26":8,"27":8,"28":8,"29":8,"30":8,"31":3,"32":3,"33":1,"34":2,"35":2,"36":5,"37":1,"38":4,"39":1,"40":3,"41":1,"42":2,"43":1,"44":1,"45":3,"46":3,"47":3,"48":3,"49":3,"50":1,"51":1,"52":1},"f":{"0":23,"1":29,"2":25,"3":9,"4":16,"5":33},"b":{"0":[14,9],"1":[14,15],"2":[12,13],"3":[1,8],"4":[9,3],"5":[1,7],"6":[8,8,6,6],"7":[2,14],"8":[1,13],"9":[19,3,5,3,1,1,1],"10":[2,17],"11":[19,11],"12":[7,10],"13":[1,9],"14":[10,9],"15":[2,8],"16":[10,9],"17":[1,7],"18":[7,1],"19":[1,2],"20":[1,4],"21":[5,2,1],"22":[1,3],"23":[1,2],"24":[1,1],"25":[2,1],"26":[2,1]}}
,"/Users/putumas.mertayasa.e/Developer/tools/chem-interactive/src/utils/gcd.ts": {"path":"/Users/putumas.mertayasa.e/Developer/tools/chem-interactive/src/utils/gcd.ts","statementMap":{"0":{"start":{"line":2,"column":2},"end":{"line":2,"column":null}}},"fnMap":{"0":{"name":"gcd","decl":{"start":{"line":1,"column":16},"end":{"line":1,"column":20}},"loc":{"start":{"line":1,"column":50},"end":{"line":3,"column":null}}}},"branchMap":{"0":{"loc":{"start":{"line":2,"column":9},"end":{"line":2,"column":null}},"type":"cond-expr","locations":[{"start":{"line":2,"column":19},"end":{"line":2,"column":23}},{"start":{"line":2,"column":23},"end":{"line":2,"column":null}}]}},"s":{"0":79},"f":{"0":79},"b":{"0":[29,50]}}
,"/Users/putumas.mertayasa.e/Developer/tools/chem-interactive/src/utils/valence.ts": {"path":"/Users/putumas.mertayasa.e/Developer/tools/chem-interactive/src/utils/valence.ts","statementMap":{"0":{"start":{"line":2,"column":2},"end":{"line":2,"column":null}},"1":{"start":{"line":2,"column":18},"end":{"line":2,"column":null}},"2":{"start":{"line":3,"column":2},"end":{"line":3,"column":null}},"3":{"start":{"line":3,"column":19},"end":{"line":3,"column":null}},"4":{"start":{"line":4,"column":2},"end":{"line":4,"column":null}},"5":{"start":{"line":8,"column":2},"end":{"line":8,"column":null}},"6":{"start":{"line":13,"column":19},"end":{"line":13,"column":null}},"7":{"start":{"line":14,"column":2},"end":{"line":14,"column":null}},"8":{"start":{"line":14,"column":17},"end":{"line":14,"column":null}},"9":{"start":{"line":17,"column":17},"end":{"line":17,"column":null}},"10":{"start":{"line":18,"column":20},"end":{"line":23,"column":null}},"11":{"start":{"line":20,"column":16},"end":{"line":20,"column":null}},"12":{"start":{"line":21,"column":6},"end":{"line":21,"column":null}},"13":{"start":{"line":23,"column":54},"end":{"line":23,"column":64}},"14":{"start":{"line":25,"column":2},"end":{"line":25,"column":null}},"15":{"start":{"line":25,"column":30},"end":{"line":25,"column":null}},"16":{"start":{"line":27,"column":15},"end":{"line":27,"column":null}},"17":{"start":{"line":27,"column":46},"end":{"line":27,"column":49}},"18":{"start":{"line":28,"column":2},"end":{"line":30,"column":null}},"19":{"start":{"line":29,"column":17},"end":{"line":29,"column":29}},"20":{"start":{"line":30,"column":24},"end":{"line":30,"column":39}}},"fnMap":{"0":{"name":"groupToValenceFallback","decl":{"start":{"line":1,"column":16},"end":{"line":1,"column":39}},"loc":{"start":{"line":1,"column":62},"end":{"line":5,"column":null}}},"1":{"name":"isTransitionMetal","decl":{"start":{"line":7,"column":16},"end":{"line":7,"column":34}},"loc":{"start":{"line":7,"column":58},"end":{"line":9,"column":null}}},"2":{"name":"parseValenceElectrons","decl":{"start":{"line":11,"column":16},"end":{"line":11,"column":38}},"loc":{"start":{"line":11,"column":77},"end":{"line":31,"column":null}}},"3":{"name":"(anonymous_3)","decl":{"start":{"line":19,"column":5},"end":{"line":19,"column":9}},"loc":{"start":{"line":19,"column":14},"end":{"line":22,"column":5}}},"4":{"name":"(anonymous_4)","decl":{"start":{"line":23,"column":5},"end":{"line":23,"column":13}},"loc":{"start":{"line":23,"column":54},"end":{"line":23,"column":64}}},"5":{"name":"(anonymous_5)","decl":{"start":{"line":27,"column":37},"end":{"line":27,"column":41}},"loc":{"start":{"line":27,"column":46},"end":{"line":27,"column":49}}},"6":{"name":"(anonymous_6)","decl":{"start":{"line":29,"column":5},"end":{"line":29,"column":12}},"loc":{"start":{"line":29,"column":17},"end":{"line":29,"column":29}}},"7":{"name":"(anonymous_7)","decl":{"start":{"line":30,"column":5},"end":{"line":30,"column":13}},"loc":{"start":{"line":30,"column":24},"end":{"line":30,"column":39}}}},"branchMap":{"0":{"loc":{"start":{"line":2,"column":2},"end":{"line":2,"column":null}},"type":"if","locations":[{"start":{"line":2,"column":2},"end":{"line":2,"column":null}},{"start":{},"end":{}}]},"1":{"loc":{"start":{"line":3,"column":2},"end":{"line":3,"column":null}},"type":"if","locations":[{"start":{"line":3,"column":2},"end":{"line":3,"column":null}},{"start":{},"end":{}}]},"2":{"loc":{"start":{"line":8,"column":9},"end":{"line":8,"column":null}},"type":"binary-expr","locations":[{"start":{"line":8,"column":9},"end":{"line":8,"column":23}},{"start":{"line":8,"column":23},"end":{"line":8,"column":null}}]},"3":{"loc":{"start":{"line":14,"column":2},"end":{"line":14,"column":null}},"type":"if","locations":[{"start":{"line":14,"column":2},"end":{"line":14,"column":null}},{"start":{},"end":{}}]},"4":{"loc":{"start":{"line":21,"column":13},"end":{"line":21,"column":null}},"type":"cond-expr","locations":[{"start":{"line":21,"column":17},"end":{"line":21,"column":72}},{"start":{"line":21,"column":72},"end":{"line":21,"column":null}}]},"5":{"loc":{"start":{"line":25,"column":2},"end":{"line":25,"column":null}},"type":"if","locations":[{"start":{"line":25,"column":2},"end":{"line":25,"column":null}},{"start":{},"end":{}}]}},"s":{"0":8,"1":3,"2":5,"3":4,"4":1,"5":5,"6":6,"7":6,"8":1,"9":5,"10":5,"11":12,"12":12,"13":12,"14":5,"15":1,"16":4,"17":10,"18":4,"19":10,"20":6},"f":{"0":8,"1":5,"2":6,"3":12,"4":12,"5":10,"6":10,"7":6},"b":{"0":[3,5],"1":[4,1],"2":[5,4],"3":[1,5],"4":[10,2],"5":[1,4]}}
,"/Users/putumas.mertayasa.e/Developer/tools/chem-interactive/src/zones/TransitionMetalPicker.tsx": {"path":"/Users/putumas.mertayasa.e/Developer/tools/chem-interactive/src/zones/TransitionMetalPicker.tsx","statementMap":{"0":{"start":{"line":3,"column":45},"end":{"line":3,"column":null}},"1":{"start":{"line":11,"column":25},"end":{"line":11,"column":null}},"2":{"start":{"line":11,"column":58},"end":{"line":11,"column":63}},"3":{"start":{"line":13,"column":2},"end":{"line":29,"column":null}},"4":{"start":{"line":20,"column":10},"end":{"line":26,"column":null}},"5":{"start":{"line":22,"column":27},"end":{"line":22,"column":null}}},"fnMap":{"0":{"name":"TransitionMetalPicker","decl":{"start":{"line":10,"column":16},"end":{"line":10,"column":38}},"loc":{"start":{"line":10,"column":63},"end":{"line":31,"column":null}}},"1":{"name":"(anonymous_1)","decl":{"start":{"line":11,"column":46},"end":{"line":11,"column":53}},"loc":{"start":{"line":11,"column":58},"end":{"line":11,"column":63}}},"2":{"name":"(anonymous_2)","decl":{"start":{"line":19,"column":24},"end":{"line":19,"column":28}},"loc":{"start":{"line":20,"column":10},"end":{"line":26,"column":null}}},"3":{"name":"(anonymous_3)","decl":{"start":{"line":22,"column":12},"end":{"line":22,"column":27}},"loc":{"start":{"line":22,"column":27},"end":{"line":22,"column":null}}}},"branchMap":{"0":{"loc":{"start":{"line":25,"column":26},"end":{"line":25,"column":57}},"type":"binary-expr","locations":[{"start":{"line":25,"column":26},"end":{"line":25,"column":50}},{"start":{"line":25,"column":50},"end":{"line":25,"column":57}}]}},"s":{"0":2,"1":7,"2":13,"3":7,"4":13,"5":2},"f":{"0":7,"1":13,"2":13,"3":2},"b":{"0":[13,1]}}
}
